# JRE version: Java(TM) SE Runtime Environment (8.0_65-b17) (build 1.8.0_65-b17)
# Java VM: Java HotSpot(TM) 64-Bit Server VM (25.65-b01 mixed mode windows-amd64 compressed oops)
Heap:
 PSYoungGen      total 315904K, used 134139K [0x00000000eb380000, 0x00000000ff580000, 0x0000000100000000)
  eden space 301568K, 44% used [0x00000000eb380000,0x00000000f367edc8,0x00000000fda00000)
  from space 14336K, 0% used [0x00000000fda00000,0x00000000fda00000,0x00000000fe800000)
  to   space 13824K, 0% used [0x00000000fe800000,0x00000000fe800000,0x00000000ff580000)
 ParOldGen       total 61952K, used 31657K [0x00000000c1a00000, 0x00000000c5680000, 0x00000000eb380000)
  object space 61952K, 51% used [0x00000000c1a00000,0x00000000c38ea748,0x00000000c5680000)
 Metaspace       used 39206K, capacity 40214K, committed 40408K, reserved 1085440K
  class space    used 5099K, capacity 5296K, committed 5336K, reserved 1048576K
GC Heap History (10 events):
Event: 110.571 GC heap before
{Heap before GC invocations=16 (full 3):
 PSYoungGen      total 236544K, used 231936K [0x00000000eb380000, 0x00000000fc200000, 0x0000000100000000)
  eden space 231936K, 100% used [0x00000000eb380000,0x00000000f9600000,0x00000000f9600000)
  from space 4608K, 0% used [0x00000000fbd80000,0x00000000fbd80000,0x00000000fc200000)
  to   space 14848K, 0% used [0x00000000fa500000,0x00000000fa500000,0x00000000fb380000)
 ParOldGen       total 61952K, used 25989K [0x00000000c1a00000, 0x00000000c5680000, 0x00000000eb380000)
  object space 61952K, 41% used [0x00000000c1a00000,0x00000000c3361678,0x00000000c5680000)
 Metaspace       used 38550K, capacity 39268K, committed 39512K, reserved 1083392K
  class space    used 5015K, capacity 5187K, committed 5208K, reserved 1048576K
Event: 110.577 GC heap after
Heap after GC invocations=16 (full 3):
 PSYoungGen      total 262144K, used 6373K [0x00000000eb380000, 0x00000000ff580000, 0x0000000100000000)
  eden space 247296K, 0% used [0x00000000eb380000,0x00000000eb380000,0x00000000fa500000)
  from space 14848K, 42% used [0x00000000fa500000,0x00000000fab395a8,0x00000000fb380000)
  to   space 13824K, 0% used [0x00000000fe800000,0x00000000fe800000,0x00000000ff580000)
 ParOldGen       total 61952K, used 25997K [0x00000000c1a00000, 0x00000000c5680000, 0x00000000eb380000)
  object space 61952K, 41% used [0x00000000c1a00000,0x00000000c3363678,0x00000000c5680000)
 Metaspace       used 38550K, capacity 39268K, committed 39512K, reserved 1083392K
  class space    used 5015K, capacity 5187K, committed 5208K, reserved 1048576K
}
Event: 110.588 GC heap before
{Heap before GC invocations=17 (full 3):
 PSYoungGen      total 262144K, used 21001K [0x00000000eb380000, 0x00000000ff580000, 0x0000000100000000)
  eden space 247296K, 5% used [0x00000000eb380000,0x00000000ec1c90a0,0x00000000fa500000)
  from space 14848K, 42% used [0x00000000fa500000,0x00000000fab395a8,0x00000000fb380000)
  to   space 13824K, 0% used [0x00000000fe800000,0x00000000fe800000,0x00000000ff580000)
 ParOldGen       total 61952K, used 25997K [0x00000000c1a00000, 0x00000000c5680000, 0x00000000eb380000)
  object space 61952K, 41% used [0x00000000c1a00000,0x00000000c3363678,0x00000000c5680000)
 Metaspace       used 38550K, capacity 39268K, committed 39512K, reserved 1083392K
  class space    used 5015K, capacity 5187K, committed 5208K, reserved 1048576K
Event: 110.596 GC heap after
Heap after GC invocations=17 (full 3):
 PSYoungGen      total 315392K, used 96K [0x00000000eb380000, 0x00000000ff680000, 0x0000000100000000)
  eden space 301568K, 0% used [0x00000000eb380000,0x00000000eb380000,0x00000000fda00000)
  from space 13824K, 0% used [0x00000000fe800000,0x00000000fe818000,0x00000000ff580000)
  to   space 14336K, 0% used [0x00000000fda00000,0x00000000fda00000,0x00000000fe800000)
 ParOldGen       total 61952K, used 29002K [0x00000000c1a00000, 0x00000000c5680000, 0x00000000eb380000)
  object space 61952K, 46% used [0x00000000c1a00000,0x00000000c3652b60,0x00000000c5680000)
 Metaspace       used 38550K, capacity 39268K, committed 39512K, reserved 1083392K
  class space    used 5015K, capacity 5187K, committed 5208K, reserved 1048576K
}
Event: 110.596 GC heap before
{Heap before GC invocations=18 (full 4):
 PSYoungGen      total 315392K, used 96K [0x00000000eb380000, 0x00000000ff680000, 0x0000000100000000)
  eden space 301568K, 0% used [0x00000000eb380000,0x00000000eb380000,0x00000000fda00000)
  from space 13824K, 0% used [0x00000000fe800000,0x00000000fe818000,0x00000000ff580000)
  to   space 14336K, 0% used [0x00000000fda00000,0x00000000fda00000,0x00000000fe800000)
 ParOldGen       total 61952K, used 29002K [0x00000000c1a00000, 0x00000000c5680000, 0x00000000eb380000)
  object space 61952K, 46% used [0x00000000c1a00000,0x00000000c3652b60,0x00000000c5680000)
 Metaspace       used 38550K, capacity 39268K, committed 39512K, reserved 1083392K
  class space    used 5015K, capacity 5187K, committed 5208K, reserved 1048576K
Event: 110.802 GC heap after
Heap after GC invocations=18 (full 4):
 PSYoungGen      total 315392K, used 0K [0x00000000eb380000, 0x00000000ff680000, 0x0000000100000000)
  eden space 301568K, 0% used [0x00000000eb380000,0x00000000eb380000,0x00000000fda00000)
  from space 13824K, 0% used [0x00000000fe800000,0x00000000fe800000,0x00000000ff580000)
  to   space 14336K, 0% used [0x00000000fda00000,0x00000000fda00000,0x00000000fe800000)
 ParOldGen       total 61952K, used 25464K [0x00000000c1a00000, 0x00000000c5680000, 0x00000000eb380000)
  object space 61952K, 41% used [0x00000000c1a00000,0x00000000c32de028,0x00000000c5680000)
 Metaspace       used 38550K, capacity 39268K, committed 39512K, reserved 1083392K
  class space    used 5015K, capacity 5187K, committed 5208K, reserved 1048576K
}
Event: 185.672 GC heap before
{Heap before GC invocations=19 (full 4):
 PSYoungGen      total 315392K, used 246629K [0x00000000eb380000, 0x00000000ff680000, 0x0000000100000000)
  eden space 301568K, 81% used [0x00000000eb380000,0x00000000fa459438,0x00000000fda00000)
  from space 13824K, 0% used [0x00000000fe800000,0x00000000fe800000,0x00000000ff580000)
  to   space 14336K, 0% used [0x00000000fda00000,0x00000000fda00000,0x00000000fe800000)
 ParOldGen       total 61952K, used 25464K [0x00000000c1a00000, 0x00000000c5680000, 0x00000000eb380000)
  object space 61952K, 41% used [0x00000000c1a00000,0x00000000c32de028,0x00000000c5680000)
 Metaspace       used 38975K, capacity 39806K, committed 39896K, reserved 1083392K
  class space    used 5056K, capacity 5255K, committed 5336K, reserved 1048576K
Event: 185.679 GC heap after
Heap after GC invocations=19 (full 4):
 PSYoungGen      total 315904K, used 7067K [0x00000000eb380000, 0x00000000ff580000, 0x0000000100000000)
  eden space 301568K, 0% used [0x00000000eb380000,0x00000000eb380000,0x00000000fda00000)
  from space 14336K, 49% used [0x00000000fda00000,0x00000000fe0e6cd0,0x00000000fe800000)
  to   space 13824K, 0% used [0x00000000fe800000,0x00000000fe800000,0x00000000ff580000)
 ParOldGen       total 61952K, used 25472K [0x00000000c1a00000, 0x00000000c5680000, 0x00000000eb380000)
  object space 61952K, 41% used [0x00000000c1a00000,0x00000000c32e0028,0x00000000c5680000)
 Metaspace       used 38975K, capacity 39806K, committed 39896K, reserved 1083392K
  class space    used 5056K, capacity 5255K, committed 5336K, reserved 1048576K
}
Event: 185.679 GC heap before
{Heap before GC invocations=20 (full 5):
 PSYoungGen      total 315904K, used 7067K [0x00000000eb380000, 0x00000000ff580000, 0x0000000100000000)
  eden space 301568K, 0% used [0x00000000eb380000,0x00000000eb380000,0x00000000fda00000)
  from space 14336K, 49% used [0x00000000fda00000,0x00000000fe0e6cd0,0x00000000fe800000)
  to   space 13824K, 0% used [0x00000000fe800000,0x00000000fe800000,0x00000000ff580000)
 ParOldGen       total 61952K, used 25472K [0x00000000c1a00000, 0x00000000c5680000, 0x00000000eb380000)
  object space 61952K, 41% used [0x00000000c1a00000,0x00000000c32e0028,0x00000000c5680000)
 Metaspace       used 38975K, capacity 39806K, committed 39896K, reserved 1083392K
  class space    used 5056K, capacity 5255K, committed 5336K, reserved 1048576K
Event: 185.806 GC heap after
Heap after GC invocations=20 (full 5):
 PSYoungGen      total 315904K, used 0K [0x00000000eb380000, 0x00000000ff580000, 0x0000000100000000)
  eden space 301568K, 0% used [0x00000000eb380000,0x00000000eb380000,0x00000000fda00000)
  from space 14336K, 0% used [0x00000000fda00000,0x00000000fda00000,0x00000000fe800000)
  to   space 13824K, 0% used [0x00000000fe800000,0x00000000fe800000,0x00000000ff580000)
 ParOldGen       total 61952K, used 31657K [0x00000000c1a00000, 0x00000000c5680000, 0x00000000eb380000)
  object space 61952K, 51% used [0x00000000c1a00000,0x00000000c38ea748,0x00000000c5680000)
 Metaspace       used 38975K, capacity 39806K, committed 39896K, reserved 1083392K
  class space    used 5056K, capacity 5255K, committed 5336K, reserved 1048576K
}

